This file contains any messages produced by compilers while
running configure, to aid debugging if configure makes a mistake.

It was created by configure, which was
generated by GNU Autoconf 2.59.  Invocation command line was

  $ ./configure --no-create --no-recursion

## --------- ##
## Platform. ##
## --------- ##

hostname = genesisx
uname -m = i686
uname -r = 2.6.8.1-12mdk
uname -s = Linux
uname -v = #1 Fri Oct 1 12:53:41 CEST 2004

/usr/bin/uname -p = unknown
/bin/uname -X     = unknown

/bin/arch              = i686
/usr/bin/arch -k       = unknown
/usr/convex/getsysinfo = unknown
hostinfo               = unknown
/bin/machine           = unknown
/usr/bin/oslevel       = unknown
/bin/universe          = unknown

PATH: /usr/bin
PATH: /bin
PATH: /usr/bin
PATH: /usr/local/bin
PATH: /usr/X11R6/bin/
PATH: /usr/games
PATH: /home/mike/bin


## ----------- ##
## Core tests. ##
## ----------- ##

configure:1310: checking for a BSD-compatible install
configure:1365: result: /usr/bin/install -c
configure:1376: checking whether build environment is sane
configure:1419: result: yes
configure:1443: WARNING: `missing' script is too old or missing
configure:1476: checking for gawk
configure:1492: found /usr/bin/gawk
configure:1502: result: gawk
configure:1512: checking whether make sets $(MAKE)
configure:1532: result: yes
configure:1703: checking for pkg-config
configure:1721: found /usr/bin/pkg-config
configure:1734: result: /usr/bin/pkg-config
configure:1751: checking for gtkmm-2.4 >= 2.4.0
configure:1755: result: yes
configure:1759: checking GTKMM_CFLAGS
configure:1762: result: -DXTHREADS -D_REENTRANT -DXUSE_MTSAFE_API -I/usr/include/gtkmm-2.4 -I/usr/lib/gtkmm-2.4/include -I/usr/include/glibmm-2.4 -I/usr/lib/glibmm-2.4/include -I/usr/include/gdkmm-2.4 -I/usr/lib/gdkmm-2.4/include -I/usr/include/pangomm-1.4 -I/usr/include/atkmm-1.6 -I/usr/include/gtk-2.0 -I/usr/include/sigc++-2.0 -I/usr/lib/sigc++-2.0/include -I/usr/include/glib-2.0 -I/usr/lib/glib-2.0/include -I/usr/lib/gtk-2.0/include -I/usr/X11R6/include -I/usr/include/pango-1.0 -I/usr/include/freetype2 -I/usr/include/freetype2/freetype2 -I/usr/include/freetype2/freetype2/config -I/usr/include/atk-1.0  
configure:1765: checking GTKMM_LIBS
configure:1768: result: -Wl,--export-dynamic -lgtkmm-2.4 -lgdkmm-2.4 -latkmm-1.6 -lgtk-x11-2.0 -lpangomm-1.4 -lglibmm-2.4 -lsigc-2.0 -lgdk-x11-2.0 -latk-1.0 -lgdk_pixbuf-2.0 -lm -lpangoxft-1.0 -lpangox-1.0 -lpango-1.0 -lgobject-2.0 -lgmodule-2.0 -ldl -lglib-2.0  
configure:1853: checking for gcc
configure:1869: found /usr/bin/gcc
configure:1879: result: gcc
configure:2123: checking for C compiler version
configure:2126: gcc --version </dev/null >&5
gcc (GCC) 3.4.1 (Mandrakelinux 10.1 3.4.1-4mdk)
Copyright (C) 2004 Free Software Foundation, Inc.
This is free software; see the source for copying conditions.  There is NO
warranty; not even for MERCHANTABILITY or FITNESS FOR A PARTICULAR PURPOSE.

configure:2129: $? = 0
configure:2131: gcc -v </dev/null >&5
Reading specs from /usr/lib/gcc/i586-mandrake-linux-gnu/3.4.1/specs
Configured with: ../configure --prefix=/usr --libdir=/usr/lib --with-slibdir=/lib --mandir=/usr/share/man --infodir=/usr/share/info --enable-shared --enable-threads=posix --disable-checking --enable-long-long --enable-__cxa_atexit --enable-clocale=gnu --disable-libunwind-exceptions --enable-languages=c,c++,ada,f77,objc,java --host=i586-mandrake-linux-gnu --with-system-zlib
Thread model: posix
gcc version 3.4.1 (Mandrakelinux 10.1 3.4.1-4mdk)
configure:2134: $? = 0
configure:2136: gcc -V </dev/null >&5
gcc: `-V' option must have argument
configure:2139: $? = 1
configure:2162: checking for C compiler default output file name
configure:2165: gcc    conftest.c  >&5
configure:2168: $? = 0
configure:2214: result: a.out
configure:2219: checking whether the C compiler works
configure:2225: ./a.out
configure:2228: $? = 0
configure:2245: result: yes
configure:2252: checking whether we are cross compiling
configure:2254: result: no
configure:2257: checking for suffix of executables
configure:2259: gcc -o conftest    conftest.c  >&5
configure:2262: $? = 0
configure:2287: result: 
configure:2293: checking for suffix of object files
configure:2314: gcc -c   conftest.c >&5
configure:2317: $? = 0
configure:2339: result: o
configure:2343: checking whether we are using the GNU C compiler
configure:2367: gcc -c   conftest.c >&5
configure:2373: $? = 0
configure:2377: test -z 
			 || test ! -s conftest.err
configure:2380: $? = 0
configure:2383: test -s conftest.o
configure:2386: $? = 0
configure:2399: result: yes
configure:2405: checking whether gcc accepts -g
configure:2426: gcc -c -g  conftest.c >&5
configure:2432: $? = 0
configure:2436: test -z 
			 || test ! -s conftest.err
configure:2439: $? = 0
configure:2442: test -s conftest.o
configure:2445: $? = 0
configure:2456: result: yes
configure:2473: checking for gcc option to accept ANSI C
configure:2543: gcc  -c -g -O2  conftest.c >&5
configure:2549: $? = 0
configure:2553: test -z 
			 || test ! -s conftest.err
configure:2556: $? = 0
configure:2559: test -s conftest.o
configure:2562: $? = 0
configure:2580: result: none needed
configure:2598: gcc -c -g -O2  conftest.c >&5
conftest.c:2: error: syntax error before "me"
configure:2604: $? = 1
configure: failed program was:
| #ifndef __cplusplus
|   choke me
| #endif
configure:2748: checking for style of include used by make
configure:2776: result: GNU
configure:2804: checking dependency style of gcc
configure:2894: result: gcc3
configure:2964: checking for g++
configure:2980: found /usr/bin/g++
configure:2990: result: g++
configure:3006: checking for C++ compiler version
configure:3009: g++ --version </dev/null >&5
g++ (GCC) 3.4.1 (Mandrakelinux 10.1 3.4.1-4mdk)
Copyright (C) 2004 Free Software Foundation, Inc.
This is free software; see the source for copying conditions.  There is NO
warranty; not even for MERCHANTABILITY or FITNESS FOR A PARTICULAR PURPOSE.

configure:3012: $? = 0
configure:3014: g++ -v </dev/null >&5
Reading specs from /usr/lib/gcc/i586-mandrake-linux-gnu/3.4.1/specs
Configured with: ../configure --prefix=/usr --libdir=/usr/lib --with-slibdir=/lib --mandir=/usr/share/man --infodir=/usr/share/info --enable-shared --enable-threads=posix --disable-checking --enable-long-long --enable-__cxa_atexit --enable-clocale=gnu --disable-libunwind-exceptions --enable-languages=c,c++,ada,f77,objc,java --host=i586-mandrake-linux-gnu --with-system-zlib
Thread model: posix
gcc version 3.4.1 (Mandrakelinux 10.1 3.4.1-4mdk)
configure:3017: $? = 0
configure:3019: g++ -V </dev/null >&5
g++: `-V' option must have argument
configure:3022: $? = 1
configure:3025: checking whether we are using the GNU C++ compiler
configure:3049: g++ -c   conftest.cc >&5
configure:3055: $? = 0
configure:3059: test -z 
			 || test ! -s conftest.err
configure:3062: $? = 0
configure:3065: test -s conftest.o
configure:3068: $? = 0
configure:3081: result: yes
configure:3087: checking whether g++ accepts -g
configure:3108: g++ -c -g  conftest.cc >&5
configure:3114: $? = 0
configure:3118: test -z 
			 || test ! -s conftest.err
configure:3121: $? = 0
configure:3124: test -s conftest.o
configure:3127: $? = 0
configure:3138: result: yes
configure:3180: g++ -c -g -O2  conftest.cc >&5
configure:3186: $? = 0
configure:3190: test -z 
			 || test ! -s conftest.err
configure:3193: $? = 0
configure:3196: test -s conftest.o
configure:3199: $? = 0
configure:3225: g++ -c -g -O2  conftest.cc >&5
conftest.cc: In function `int main()':
conftest.cc:15: error: `exit' undeclared (first use this function)
conftest.cc:15: error: (Each undeclared identifier is reported only once for each function it appears in.)
configure:3231: $? = 1
configure: failed program was:
| /* confdefs.h.  */
| 
| #define PACKAGE_NAME ""
| #define PACKAGE_TARNAME ""
| #define PACKAGE_VERSION ""
| #define PACKAGE_STRING ""
| #define PACKAGE_BUGREPORT ""
| #define PACKAGE "kaccess"
| #define VERSION "1.0"
| /* end confdefs.h.  */
| 
| int
| main ()
| {
| exit (42);
|   ;
|   return 0;
| }
configure:3180: g++ -c -g -O2  conftest.cc >&5
configure:3186: $? = 0
configure:3190: test -z 
			 || test ! -s conftest.err
configure:3193: $? = 0
configure:3196: test -s conftest.o
configure:3199: $? = 0
configure:3225: g++ -c -g -O2  conftest.cc >&5
configure:3231: $? = 0
configure:3235: test -z 
			 || test ! -s conftest.err
configure:3238: $? = 0
configure:3241: test -s conftest.o
configure:3244: $? = 0
configure:3269: checking dependency style of g++
configure:3359: result: gcc3
configure:3390: checking for a BSD-compatible install
configure:3445: result: /usr/bin/install -c
configure:3605: creating ./config.status

## ---------------- ##
## Cache variables. ##
## ---------------- ##

ac_cv_c_compiler_gnu=yes
ac_cv_cxx_compiler_gnu=yes
ac_cv_env_CC_set=
ac_cv_env_CC_value=
ac_cv_env_CFLAGS_set=
ac_cv_env_CFLAGS_value=
ac_cv_env_CPPFLAGS_set=
ac_cv_env_CPPFLAGS_value=
ac_cv_env_CXXFLAGS_set=
ac_cv_env_CXXFLAGS_value=
ac_cv_env_CXX_set=
ac_cv_env_CXX_value=
ac_cv_env_LDFLAGS_set=
ac_cv_env_LDFLAGS_value=
ac_cv_env_build_alias_set=
ac_cv_env_build_alias_value=
ac_cv_env_host_alias_set=
ac_cv_env_host_alias_value=
ac_cv_env_target_alias_set=
ac_cv_env_target_alias_value=
ac_cv_exeext=
ac_cv_objext=o
ac_cv_path_PKG_CONFIG=/usr/bin/pkg-config
ac_cv_path_install='/usr/bin/install -c'
ac_cv_prog_AWK=gawk
ac_cv_prog_ac_ct_CC=gcc
ac_cv_prog_ac_ct_CXX=g++
ac_cv_prog_cc_g=yes
ac_cv_prog_cc_stdc=
ac_cv_prog_cxx_g=yes
ac_cv_prog_make_make_set=yes
am_cv_CC_dependencies_compiler_type=gcc3
am_cv_CXX_dependencies_compiler_type=gcc3

## ----------------- ##
## Output variables. ##
## ----------------- ##

ACLOCAL='aclocal-1.8'
AMDEPBACKSLASH='\'
AMDEP_FALSE='#'
AMDEP_TRUE=''
AMTAR='tar'
AUTOCONF='autoconf'
AUTOHEADER='autoheader'
AUTOMAKE='automake-1.8'
AWK='gawk'
CC='gcc'
CCDEPMODE='depmode=gcc3'
CFLAGS='-g -O2'
CPPFLAGS=''
CXX='g++'
CXXDEPMODE='depmode=gcc3'
CXXFLAGS='-g -O2'
CYGPATH_W='echo'
DEFS='-DPACKAGE_NAME=\"\" -DPACKAGE_TARNAME=\"\" -DPACKAGE_VERSION=\"\" -DPACKAGE_STRING=\"\" -DPACKAGE_BUGREPORT=\"\" -DPACKAGE=\"kaccess\" -DVERSION=\"1.0\" '
DEPDIR='.deps'
ECHO_C=''
ECHO_N='-n'
ECHO_T=''
EXEEXT=''
GTKMM_CFLAGS='-DXTHREADS -D_REENTRANT -DXUSE_MTSAFE_API -I/usr/include/gtkmm-2.4 -I/usr/lib/gtkmm-2.4/include -I/usr/include/glibmm-2.4 -I/usr/lib/glibmm-2.4/include -I/usr/include/gdkmm-2.4 -I/usr/lib/gdkmm-2.4/include -I/usr/include/pangomm-1.4 -I/usr/include/atkmm-1.6 -I/usr/include/gtk-2.0 -I/usr/include/sigc++-2.0 -I/usr/lib/sigc++-2.0/include -I/usr/include/glib-2.0 -I/usr/lib/glib-2.0/include -I/usr/lib/gtk-2.0/include -I/usr/X11R6/include -I/usr/include/pango-1.0 -I/usr/include/freetype2 -I/usr/include/freetype2/freetype2 -I/usr/include/freetype2/freetype2/config -I/usr/include/atk-1.0  '
GTKMM_LIBS='-Wl,--export-dynamic -lgtkmm-2.4 -lgdkmm-2.4 -latkmm-1.6 -lgtk-x11-2.0 -lpangomm-1.4 -lglibmm-2.4 -lsigc-2.0 -lgdk-x11-2.0 -latk-1.0 -lgdk_pixbuf-2.0 -lm -lpangoxft-1.0 -lpangox-1.0 -lpango-1.0 -lgobject-2.0 -lgmodule-2.0 -ldl -lglib-2.0  '
INSTALL_DATA='${INSTALL} -m 644'
INSTALL_PROGRAM='${INSTALL}'
INSTALL_SCRIPT='${INSTALL}'
INSTALL_STRIP_PROGRAM='${SHELL} $(install_sh) -c -s'
LDFLAGS=''
LIBOBJS=''
LIBS=''
LTLIBOBJS=''
MAKEINFO='makeinfo'
OBJEXT='o'
PACKAGE='kaccess'
PACKAGE_BUGREPORT=''
PACKAGE_NAME=''
PACKAGE_STRING=''
PACKAGE_TARNAME=''
PACKAGE_VERSION=''
PATH_SEPARATOR=':'
PKG_CONFIG='/usr/bin/pkg-config'
SET_MAKE=''
SHELL='/bin/sh'
STRIP=''
VERSION='1.0'
ac_ct_CC='gcc'
ac_ct_CXX='g++'
ac_ct_STRIP=''
am__fastdepCC_FALSE='#'
am__fastdepCC_TRUE=''
am__fastdepCXX_FALSE='#'
am__fastdepCXX_TRUE=''
am__include='include'
am__leading_dot='.'
am__quote=''
bindir='${exec_prefix}/bin'
build_alias=''
datadir='${prefix}/share'
exec_prefix='${prefix}'
host_alias=''
includedir='${prefix}/include'
infodir='${prefix}/info'
install_sh='/home/mike/programming/kaccess-gtk/config/install-sh'
libdir='${exec_prefix}/lib'
libexecdir='${exec_prefix}/libexec'
localstatedir='${prefix}/var'
mandir='${prefix}/man'
mkdir_p='mkdir -p -- .'
oldincludedir='/usr/include'
prefix='/usr/local'
program_transform_name='s,x,x,'
sbindir='${exec_prefix}/sbin'
sharedstatedir='${prefix}/com'
sysconfdir='${prefix}/etc'
target_alias=''

## ----------- ##
## confdefs.h. ##
## ----------- ##

#define PACKAGE "kaccess"
#define PACKAGE_BUGREPORT ""
#define PACKAGE_NAME ""
#define PACKAGE_STRING ""
#define PACKAGE_TARNAME ""
#define PACKAGE_VERSION ""
#define VERSION "1.0"
#endif
#ifdef __cplusplus
extern "C" void std::exit (int) throw (); using std::exit;

configure: exit 0

## ---------------------- ##
## Running config.status. ##
## ---------------------- ##

This file was extended by config.status, which was
generated by GNU Autoconf 2.59.  Invocation command line was

  CONFIG_FILES    = 
  CONFIG_HEADERS  = 
  CONFIG_LINKS    = 
  CONFIG_COMMANDS = 
  $ ./config.status 

on genesisx

config.status:687: creating Makefile
config.status:687: creating src/Makefile
config.status:870: executing depfiles commands
